# JRE version: Java(TM) SE Runtime Environment (17.0.10+11) (build 17.0.10+11-LTS-240)
# Java VM: Java HotSpot(TM) 64-Bit Server VM (17.0.10+11-LTS-240, mixed mode, emulated-client, sharing, tiered, compressed oops, compressed class ptrs, g1 gc, windows-amd64)
GC Precious Log:
 CPUs: 4 total, 4 available
 Memory: 7815M
 Large Page Support: Disabled
 NUMA Support: Disabled
 Compressed Oops: Enabled (32-bit)
 Heap Region Size: 1M
 Heap Min Capacity: 8M
 Heap Initial Capacity: 124M
 Heap Max Capacity: 1954M
 Pre-touch: Disabled
 Parallel Workers: 4
 Concurrent Workers: 1
 Concurrent Refinement Workers: 4
 Periodic GC: Disabled
Heap:
 garbage-first heap   total 126976K, used 75822K [0x0000000085e00000, 0x0000000100000000)
  region size 1024K, 3 young (3072K), 3 survivors (3072K)
 Metaspace       used 71607K, committed 72128K, reserved 1114112K
  class space    used 10223K, committed 10496K, reserved 1048576K
GC Heap History (20 events):
Event: 17.957 GC heap after
{Heap after GC invocations=22 (full 0):
 garbage-first heap   total 79872K, used 34620K [0x0000000085e00000, 0x0000000100000000)
  region size 1024K, 5 young (5120K), 5 survivors (5120K)
 Metaspace       used 68318K, committed 68864K, reserved 1114112K
  class space    used 9786K, committed 10048K, reserved 1048576K
}
Event: 18.731 GC heap before
{Heap before GC invocations=22 (full 0):
 garbage-first heap   total 79872K, used 64316K [0x0000000085e00000, 0x0000000100000000)
  region size 1024K, 34 young (34816K), 5 survivors (5120K)
 Metaspace       used 69468K, committed 70016K, reserved 1114112K
  class space    used 9953K, committed 10240K, reserved 1048576K
}
Event: 18.747 GC heap after
{Heap after GC invocations=23 (full 0):
 garbage-first heap   total 79872K, used 36037K [0x0000000085e00000, 0x0000000100000000)
  region size 1024K, 4 young (4096K), 4 survivors (4096K)
 Metaspace       used 69468K, committed 70016K, reserved 1114112K
  class space    used 9953K, committed 10240K, reserved 1048576K
}
Event: 19.470 GC heap before
{Heap before GC invocations=23 (full 0):
 garbage-first heap   total 79872K, used 64709K [0x0000000085e00000, 0x0000000100000000)
  region size 1024K, 32 young (32768K), 4 survivors (4096K)
 Metaspace       used 70737K, committed 71296K, reserved 1114112K
  class space    used 10129K, committed 10432K, reserved 1048576K
}
Event: 19.482 GC heap after
{Heap after GC invocations=24 (full 0):
 garbage-first heap   total 79872K, used 37441K [0x0000000085e00000, 0x0000000100000000)
  region size 1024K, 3 young (3072K), 3 survivors (3072K)
 Metaspace       used 70737K, committed 71296K, reserved 1114112K
  class space    used 10129K, committed 10432K, reserved 1048576K
}
Event: 20.105 GC heap before
{Heap before GC invocations=24 (full 0):
 garbage-first heap   total 79872K, used 66113K [0x0000000085e00000, 0x0000000100000000)
  region size 1024K, 31 young (31744K), 3 survivors (3072K)
 Metaspace       used 71518K, committed 72064K, reserved 1114112K
  class space    used 10210K, committed 10496K, reserved 1048576K
}
Event: 20.125 GC heap after
{Heap after GC invocations=25 (full 0):
 garbage-first heap   total 79872K, used 42804K [0x0000000085e00000, 0x0000000100000000)
  region size 1024K, 4 young (4096K), 4 survivors (4096K)
 Metaspace       used 71518K, committed 72064K, reserved 1114112K
  class space    used 10210K, committed 10496K, reserved 1048576K
}
Event: 20.371 GC heap before
{Heap before GC invocations=25 (full 0):
 garbage-first heap   total 79872K, used 53044K [0x0000000085e00000, 0x0000000100000000)
  region size 1024K, 16 young (16384K), 4 survivors (4096K)
 Metaspace       used 71518K, committed 72064K, reserved 1114112K
  class space    used 10210K, committed 10496K, reserved 1048576K
}
Event: 20.381 GC heap after
{Heap after GC invocations=26 (full 0):
 garbage-first heap   total 96256K, used 46230K [0x0000000085e00000, 0x0000000100000000)
  region size 1024K, 3 young (3072K), 3 survivors (3072K)
 Metaspace       used 71518K, committed 72064K, reserved 1114112K
  class space    used 10210K, committed 10496K, reserved 1048576K
}
Event: 20.847 GC heap before
{Heap before GC invocations=27 (full 0):
 garbage-first heap   total 97280K, used 69782K [0x0000000085e00000, 0x0000000100000000)
  region size 1024K, 27 young (27648K), 3 survivors (3072K)
 Metaspace       used 71607K, committed 72128K, reserved 1114112K
  class space    used 10223K, committed 10496K, reserved 1048576K
}
Event: 20.862 GC heap after
{Heap after GC invocations=28 (full 0):
 garbage-first heap   total 97280K, used 53239K [0x0000000085e00000, 0x0000000100000000)
  region size 1024K, 4 young (4096K), 4 survivors (4096K)
 Metaspace       used 71607K, committed 72128K, reserved 1114112K
  class space    used 10223K, committed 10496K, reserved 1048576K
}
Event: 20.969 GC heap before
{Heap before GC invocations=28 (full 0):
 garbage-first heap   total 97280K, used 72695K [0x0000000085e00000, 0x0000000100000000)
  region size 1024K, 23 young (23552K), 4 survivors (4096K)
 Metaspace       used 71607K, committed 72128K, reserved 1114112K
  class space    used 10223K, committed 10496K, reserved 1048576K
}
Event: 20.980 GC heap after
{Heap after GC invocations=29 (full 0):
 garbage-first heap   total 97280K, used 57906K [0x0000000085e00000, 0x0000000100000000)
  region size 1024K, 3 young (3072K), 3 survivors (3072K)
 Metaspace       used 71607K, committed 72128K, reserved 1114112K
  class space    used 10223K, committed 10496K, reserved 1048576K
}
Event: 21.127 GC heap before
{Heap before GC invocations=29 (full 0):
 garbage-first heap   total 116736K, used 75314K [0x0000000085e00000, 0x0000000100000000)
  region size 1024K, 20 young (20480K), 3 survivors (3072K)
 Metaspace       used 71607K, committed 72128K, reserved 1114112K
  class space    used 10223K, committed 10496K, reserved 1048576K
}
Event: 21.135 GC heap after
{Heap after GC invocations=30 (full 0):
 garbage-first heap   total 116736K, used 62027K [0x0000000085e00000, 0x0000000100000000)
  region size 1024K, 3 young (3072K), 3 survivors (3072K)
 Metaspace       used 71607K, committed 72128K, reserved 1114112K
  class space    used 10223K, committed 10496K, reserved 1048576K
}
Event: 21.330 GC heap before
{Heap before GC invocations=31 (full 0):
 garbage-first heap   total 116736K, used 88651K [0x0000000085e00000, 0x0000000100000000)
  region size 1024K, 29 young (29696K), 3 survivors (3072K)
 Metaspace       used 71607K, committed 72128K, reserved 1114112K
  class space    used 10223K, committed 10496K, reserved 1048576K
}
Event: 21.345 GC heap after
{Heap after GC invocations=32 (full 0):
 garbage-first heap   total 116736K, used 71214K [0x0000000085e00000, 0x0000000100000000)
  region size 1024K, 4 young (4096K), 4 survivors (4096K)
 Metaspace       used 71607K, committed 72128K, reserved 1114112K
  class space    used 10223K, committed 10496K, reserved 1048576K
}
Event: 21.347 GC heap before
{Heap before GC invocations=32 (full 0):
 garbage-first heap   total 116736K, used 72238K [0x0000000085e00000, 0x0000000100000000)
  region size 1024K, 5 young (5120K), 4 survivors (4096K)
 Metaspace       used 71607K, committed 72128K, reserved 1114112K
  class space    used 10223K, committed 10496K, reserved 1048576K
}
Event: 21.355 GC heap after
{Heap after GC invocations=33 (full 0):
 garbage-first heap   total 116736K, used 72500K [0x0000000085e00000, 0x0000000100000000)
  region size 1024K, 1 young (1024K), 1 survivors (1024K)
 Metaspace       used 71607K, committed 72128K, reserved 1114112K
  class space    used 10223K, committed 10496K, reserved 1048576K
}
Event: 21.440 GC heap before
{Heap before GC invocations=33 (full 0):
 garbage-first heap   total 116736K, used 88884K [0x0000000085e00000, 0x0000000100000000)
  region size 1024K, 18 young (18432K), 1 survivors (1024K)
 Metaspace       used 71607K, committed 72128K, reserved 1114112K
  class space    used 10223K, committed 10496K, reserved 1048576K
}

